<?xml version="1.0" encoding="UTF-8"?>
<!-- Generated by org.testng.reporters.JUnitXMLReporter -->
<testsuite hostname="DESKTOP-H7NJDP3" name="Command line test" tests="4" failures="0" timestamp="23 Jan 2020 15:18:03 GMT" time="145.415" errors="0">
  <testcase name="sendMessageToCustomerService" time="11.63" classname="com.automationpractice.testcases.HomePageTest"/>
  <testcase name="registerNewUserAndPerformValidations" time="20.891" classname="com.automationpractice.testcases.HomePageTest"/>
  <testcase name="loginWithNewUser" time="13.79" classname="com.automationpractice.testcases.HomePageTest"/>
  <testcase name="addItemToCartAndValidateTheRightItem" time="20.783" classname="com.automationpractice.testcases.HomePageTest"/>
</testsuite> <!-- Command line test -->
